<?xml version="1.0" encoding="UTF-8"?>
<!-- Generated by org.testng.reporters.JUnitXMLReporter -->
<testsuite hostname="LAPTOP-5KULBKGA" ignored="2" name="Chrome Test(failed)" tests="1" failures="1" timestamp="20 Sep 2022 10:27:29 GMT" time="0.02" errors="0">
  <testcase name="TC3" time="0.0" classname="org.test.Sep19c">
    <failure type="org.testng.TestNGException" message="
Parameter &amp;apos;lname&amp;apos; is required by @Test on method TC3 but has not been marked @Optional or defined
in C:\Users\Achyutha\eclipse-workspace\MavenProject\test-output\testng-failed.xml">
      <![CDATA[org.testng.TestNGException: 
Parameter 'lname' is required by @Test on method TC3 but has not been marked @Optional or defined
in C:\Users\Achyutha\eclipse-workspace\MavenProject\test-output\testng-failed.xml
at java.util.concurrent.FutureTask.run(FutureTask.java:266)
at java.util.concurrent.ThreadPoolExecutor.runWorker(ThreadPoolExecutor.java:1149)
at java.util.concurrent.ThreadPoolExecutor$Worker.run(ThreadPoolExecutor.java:624)
at java.lang.Thread.run(Thread.java:750)
... Removed 15 stack frames]]>
    </failure>
  </testcase> <!-- TC3 -->
  <testcase name="TC1" time="0.0" classname="org.test.Sep19c">
    <ignored/>
  </testcase> <!-- TC1 -->
  <testcase name="TC2" time="0.0" classname="org.test.Sep19c">
    <ignored/>
  </testcase> <!-- TC2 -->
</testsuite> <!-- Chrome Test(failed) -->
